@0.000001: Output file name: C:\Users\DUARTEC\Desktop\GDD2011\demo\GraphicsApp1LibraryContent\Model\cena.X
@0.000046: kW X-port: 3ds max compatible version 9.00
@1.806079: Saving node: Player
@1.813282: Saving node: Object016
@1.822058: Limiting exported UV coordinates to 1 because of available maps.
@1.875082: Material 0 shader returned effect file name 'null'
@1.892899: Saving node: Object017
@1.896126: Limiting exported UV coordinates to 1 because of available maps.
@1.914665: Material 0 shader returned effect file name 'null'
@1.919026: Saving node: Object018
@1.922326: Limiting exported UV coordinates to 1 because of available maps.
@1.939591: Material 0 shader returned effect file name 'null'
@1.944250: Saving node: Line019
@1.947556: Limiting exported UV coordinates to 1 because of available maps.
@1.969043: Material 0 shader returned effect file name 'null'
@1.973493: Saving node: Line020
@1.975512: Limiting exported UV coordinates to 1 because of available maps.
@1.986083: Material 0 shader returned effect file name 'null'
@1.986959: Saving node: Cylinder045
@1.987113: Limiting exported UV coordinates to 0 because of available maps.
@1.987126: No UV channels means no tangent mapping.
@2.000499: Saving node: Line023
@2.003950: Limiting exported UV coordinates to 1 because of available maps.
@2.021596: Material 0 shader returned effect file name 'null'
@2.028263: Saving node: cerca
@2.032074: Limiting exported UV coordinates to 1 because of available maps.
@2.053824: Material 0 shader returned effect file name 'null'
@2.058212: Saving node: Line029
@2.060803: Limiting exported UV coordinates to 1 because of available maps.
@2.073604: Material 0 shader returned effect file name 'null'
@2.076842: Saving node: Line030
@2.078875: Limiting exported UV coordinates to 1 because of available maps.
@2.088331: Material 0 shader returned effect file name 'null'
@2.091119: Saving node: Line032
@2.092774: Limiting exported UV coordinates to 1 because of available maps.
@2.101830: Material 0 shader returned effect file name 'null'
@2.103422: Saving node: Line034
@2.104146: Limiting exported UV coordinates to 1 because of available maps.
@2.107708: Material 0 shader returned effect file name 'null'
@2.109205: Saving node: Line035
@2.109890: Limiting exported UV coordinates to 1 because of available maps.
@2.113156: Material 0 shader returned effect file name 'null'
@2.114545: Saving node: Line036
@2.115281: Limiting exported UV coordinates to 1 because of available maps.
@2.118749: Material 0 shader returned effect file name 'null'
@2.124505: Saving node: Line037
@2.128100: Limiting exported UV coordinates to 1 because of available maps.
@2.150384: Material 0 shader returned effect file name 'null'
@2.155091: Saving node: Line039
@2.157548: Limiting exported UV coordinates to 1 because of available maps.
@2.170668: Material 0 shader returned effect file name 'null'
@2.174432: Saving node: Line040
@2.176865: Limiting exported UV coordinates to 1 because of available maps.
@2.201468: Material 0 shader returned effect file name 'null'
@2.205216: Saving node: Line041
@2.207586: Limiting exported UV coordinates to 1 because of available maps.
@2.221022: Material 0 shader returned effect file name 'null'
@2.224586: Saving node: Line042
@2.226893: Limiting exported UV coordinates to 1 because of available maps.
@2.239840: Material 0 shader returned effect file name 'null'
@2.243592: Saving node: Line043
@2.245954: Limiting exported UV coordinates to 1 because of available maps.
@2.258910: Material 0 shader returned effect file name 'null'
@2.262649: Saving node: Line044
@2.265422: Limiting exported UV coordinates to 1 because of available maps.
@2.279020: Material 0 shader returned effect file name 'null'
@2.282716: Saving node: Line045
@2.285160: Limiting exported UV coordinates to 1 because of available maps.
@2.298925: Material 0 shader returned effect file name 'null'
@2.303174: Saving node: Line046
@2.305797: Limiting exported UV coordinates to 1 because of available maps.
@2.320317: Material 0 shader returned effect file name 'null'
@2.324384: Saving node: Line047
@2.327087: Limiting exported UV coordinates to 1 because of available maps.
@2.340482: Material 0 shader returned effect file name 'null'
@2.344069: Saving node: Line048
@2.346457: Limiting exported UV coordinates to 1 because of available maps.
@2.359763: Material 0 shader returned effect file name 'null'
@2.363401: Saving node: Line049
@2.365767: Limiting exported UV coordinates to 1 because of available maps.
@2.380149: Material 0 shader returned effect file name 'null'
@2.381900: Saving node: Box007
@2.382755: Limiting exported UV coordinates to 1 because of available maps.
@2.388942: Material 0 shader returned effect file name 'null'
@2.390707: Saving node: Box155
@2.391556: Limiting exported UV coordinates to 1 because of available maps.
@2.397467: Material 0 shader returned effect file name 'null'
@2.398921: Saving node: Box156
@2.399771: Limiting exported UV coordinates to 1 because of available maps.
@2.406058: Material 0 shader returned effect file name 'null'
@2.407496: Saving node: Box159
@2.408358: Limiting exported UV coordinates to 1 because of available maps.
@2.414717: Material 0 shader returned effect file name 'null'
@2.416153: Saving node: Box160
@2.416990: Limiting exported UV coordinates to 1 because of available maps.
@2.423832: Material 0 shader returned effect file name 'null'
@2.425664: Saving node: Box161
@2.426534: Limiting exported UV coordinates to 1 because of available maps.
@2.432851: Material 0 shader returned effect file name 'null'
@2.434676: Saving node: Box162
@2.435818: Limiting exported UV coordinates to 1 because of available maps.
@2.441749: Material 0 shader returned effect file name 'null'
@2.443424: Saving node: Box163
@2.444248: Limiting exported UV coordinates to 1 because of available maps.
@2.450067: Material 0 shader returned effect file name 'null'
@2.451553: Saving node: Box164
@2.452482: Limiting exported UV coordinates to 1 because of available maps.
@2.458402: Material 0 shader returned effect file name 'null'
@2.460036: Saving node: Box165
@2.460859: Limiting exported UV coordinates to 1 because of available maps.
@2.467211: Material 0 shader returned effect file name 'null'
@2.469227: Saving node: Line052
@2.470425: Limiting exported UV coordinates to 1 because of available maps.
@2.476618: Material 0 shader returned effect file name 'null'
@2.478394: Saving node: Line053
@2.479251: Limiting exported UV coordinates to 1 because of available maps.
@2.483511: Material 0 shader returned effect file name 'null'
@2.484942: Saving node: Box170
@2.508375: Limiting exported UV coordinates to 1 because of available maps.
@2.514266: Material 0 shader returned effect file name 'null'
@2.515760: Saving node: Box171
@2.517976: Limiting exported UV coordinates to 1 because of available maps.
@2.524161: Material 0 shader returned effect file name 'null'
@2.525586: Saving node: Box172
@2.526816: Limiting exported UV coordinates to 1 because of available maps.
@2.532602: Material 0 shader returned effect file name 'null'
@2.548546: Saving node: Cylinder146
@2.557880: Limiting exported UV coordinates to 1 because of available maps.
@2.588247: Material 0 shader returned effect file name 'null'
@2.594874: Saving node: Cylinder147
@2.600786: Limiting exported UV coordinates to 1 because of available maps.
@2.630529: Material 0 shader returned effect file name 'null'
@2.636411: Saving node: Cylinder148
@2.642329: Limiting exported UV coordinates to 1 because of available maps.
@2.682230: Material 0 shader returned effect file name 'null'
@2.688621: Saving node: Cylinder149
@2.694721: Limiting exported UV coordinates to 1 because of available maps.
@2.725214: Material 0 shader returned effect file name 'null'
@2.730979: Saving node: Cylinder150
@2.737199: Limiting exported UV coordinates to 1 because of available maps.
@2.766208: Material 0 shader returned effect file name 'null'
@2.770966: Saving node: Cylinder151
@2.775770: Limiting exported UV coordinates to 1 because of available maps.
@2.798535: Material 0 shader returned effect file name 'null'
@2.803387: Saving node: Cylinder152
@2.807765: Limiting exported UV coordinates to 1 because of available maps.
@2.834662: Material 0 shader returned effect file name 'null'
@2.839109: Saving node: Cylinder153
@2.843465: Limiting exported UV coordinates to 1 because of available maps.
@2.878716: Material 0 shader returned effect file name 'null'
@2.883306: Saving node: Cylinder154
@2.889083: Limiting exported UV coordinates to 1 because of available maps.
@2.914650: Material 0 shader returned effect file name 'null'
@2.921118: Saving node: Cylinder155
@2.925494: Limiting exported UV coordinates to 1 because of available maps.
@2.950413: Material 0 shader returned effect file name 'null'
@2.958745: Saving node: Cylinder156
@2.963118: Limiting exported UV coordinates to 1 because of available maps.
@2.989556: Material 0 shader returned effect file name 'null'
@2.994390: Saving node: Cylinder157
@2.999521: Limiting exported UV coordinates to 1 because of available maps.
@3.025518: Material 0 shader returned effect file name 'null'
@3.029953: Saving node: Cylinder158
@3.034527: Limiting exported UV coordinates to 1 because of available maps.
@3.059591: Material 0 shader returned effect file name 'null'
@3.065121: Saving node: Cylinder159
@3.070806: Limiting exported UV coordinates to 1 because of available maps.
@3.099836: Material 0 shader returned effect file name 'null'
@3.106512: Saving node: Cylinder160
@3.110871: Limiting exported UV coordinates to 1 because of available maps.
@3.133182: Material 0 shader returned effect file name 'null'
@3.139981: Saving node: Cylinder161
@3.144349: Limiting exported UV coordinates to 1 because of available maps.
@3.185739: Material 0 shader returned effect file name 'null'
@3.216585: Saving node: Cylinder162
@3.222336: Limiting exported UV coordinates to 1 because of available maps.
@3.249926: Material 0 shader returned effect file name 'null'
@3.263404: Saving node: Cylinder163
@3.267770: Limiting exported UV coordinates to 1 because of available maps.
@3.298005: Material 0 shader returned effect file name 'null'
@3.303356: Saving node: Cylinder164
@3.308483: Limiting exported UV coordinates to 1 because of available maps.
@3.330836: Material 0 shader returned effect file name 'null'
@3.335775: Saving node: Cylinder165
@3.342989: Limiting exported UV coordinates to 1 because of available maps.
@3.365675: Material 0 shader returned effect file name 'null'
@3.372743: Saving node: Cylinder167
@3.413791: Limiting exported UV coordinates to 1 because of available maps.
@3.442584: Material 0 shader returned effect file name 'null'
@3.447596: Saving node: Cylinder168
@3.451862: Limiting exported UV coordinates to 1 because of available maps.
@3.477120: Material 0 shader returned effect file name 'null'
@3.481578: Saving node: Cylinder169
@3.486871: Limiting exported UV coordinates to 1 because of available maps.
@3.512250: Material 0 shader returned effect file name 'null'
@3.517591: Saving node: Cylinder170
@3.523026: Limiting exported UV coordinates to 1 because of available maps.
@3.559190: Material 0 shader returned effect file name 'null'
@3.563636: Saving node: Cylinder171
@3.567879: Limiting exported UV coordinates to 1 because of available maps.
@3.594944: Material 0 shader returned effect file name 'null'
@3.599634: Saving node: Cylinder172
@3.606219: Limiting exported UV coordinates to 1 because of available maps.
@3.631848: Material 0 shader returned effect file name 'null'
@3.638413: Saving node: Cylinder173
@3.650390: Limiting exported UV coordinates to 1 because of available maps.
@3.697327: Material 0 shader returned effect file name 'null'
@3.701767: Saving node: Cylinder174
@3.706922: Limiting exported UV coordinates to 1 because of available maps.
@3.731665: Material 0 shader returned effect file name 'null'
@3.736290: Saving node: Cylinder175
@3.740606: Limiting exported UV coordinates to 1 because of available maps.
@3.765832: Material 0 shader returned effect file name 'null'
@3.766957: Saving node: cerca002
@3.767271: Limiting exported UV coordinates to 1 because of available maps.
@3.768539: Material 0 shader returned effect file name 'null'
@3.773798: Saving node: Cylinder001ds002
@3.778444: Limiting exported UV coordinates to 1 because of available maps.
@3.804392: Material 0 shader returned effect file name 'null'
@3.805904: Saving node: cerca003
@3.807353: Limiting exported UV coordinates to 1 because of available maps.
@3.808578: Material 0 shader returned effect file name 'null'
@3.809931: Saving node: cerca004
@3.810624: Limiting exported UV coordinates to 1 because of available maps.
@3.814688: Material 0 shader returned effect file name 'null'
@3.819190: Saving node: Cylinder001ds003
@3.824863: Limiting exported UV coordinates to 1 because of available maps.
@3.843392: Material 0 shader returned effect file name 'null'
@3.844531: Saving node: cerca008
@3.844810: Limiting exported UV coordinates to 1 because of available maps.
@3.846050: Material 0 shader returned effect file name 'null'
@3.846795: Saving node: cerca010
@3.847070: Limiting exported UV coordinates to 1 because of available maps.
@3.848367: Material 0 shader returned effect file name 'null'
@3.849070: Saving node: cerca011
@3.849380: Limiting exported UV coordinates to 1 because of available maps.
@3.850562: Material 0 shader returned effect file name 'null'
@3.851404: Saving node: Line055
@3.851790: Limiting exported UV coordinates to 1 because of available maps.
@3.854993: Material 0 shader returned effect file name 'null'
@3.856123: Saving node: NGon01
@3.856222: Limiting exported UV coordinates to 1 because of available maps.
@3.856509: Material 0 shader returned effect file name 'null'
@3.857039: Saving node: NGon02
@3.857156: Limiting exported UV coordinates to 1 because of available maps.
@3.857449: Material 0 shader returned effect file name 'null'
@3.857947: Saving node: NGon03
@3.858032: Limiting exported UV coordinates to 1 because of available maps.
@3.858347: Material 0 shader returned effect file name 'null'
@3.858876: Saving node: NGon04
@3.858961: Limiting exported UV coordinates to 1 because of available maps.
@3.859290: Material 0 shader returned effect file name 'null'
@3.859783: Saving node: NGon05
@3.859865: Limiting exported UV coordinates to 1 because of available maps.
@3.860329: Material 0 shader returned effect file name 'null'
@3.860917: Saving node: NGon06
@3.861006: Limiting exported UV coordinates to 1 because of available maps.
@3.861334: Material 0 shader returned effect file name 'null'
@3.861829: Saving node: NGon07
@3.861912: Limiting exported UV coordinates to 1 because of available maps.
@3.862230: Material 0 shader returned effect file name 'null'
@3.862715: Saving node: NGon08
@3.862798: Limiting exported UV coordinates to 1 because of available maps.
@3.863114: Material 0 shader returned effect file name 'null'
@3.863795: Saving node: NGon09
@3.863881: Limiting exported UV coordinates to 1 because of available maps.
@3.864197: Material 0 shader returned effect file name 'null'
@3.864682: Saving node: NGon10
@3.864767: Limiting exported UV coordinates to 1 because of available maps.
@3.865054: Material 0 shader returned effect file name 'null'
@3.865565: Saving node: NGon11
@3.865647: Limiting exported UV coordinates to 1 because of available maps.
@3.865916: Material 0 shader returned effect file name 'null'
@3.866880: Saving node: NGon12
@3.866978: Limiting exported UV coordinates to 1 because of available maps.
@3.867331: Material 0 shader returned effect file name 'null'
@3.867976: Saving node: cerca12
@3.868285: Limiting exported UV coordinates to 1 because of available maps.
@3.869518: Material 0 shader returned effect file name 'null'
@3.871207: Saving node: Plane03
@3.871394: Limiting exported UV coordinates to 1 because of available maps.
@3.872389: Material 0 shader returned effect file name 'null'
@3.876499: Saving node: Box185
@3.879428: Limiting exported UV coordinates to 1 because of available maps.
@3.893898: Material 0 shader returned effect file name 'null'
@3.895420: Material 1 shader returned effect file name 'null'
@3.896077: Saving node: Camera01
@3.906781: Saving node: Camera01_Target
@3.906935: Saving node: Omni01
@3.907317: Saving node: Object01
@3.907523: Limiting exported UV coordinates to 1 because of available maps.
@3.908079: Saving node: Box167
@3.908557: Limiting exported UV coordinates to 1 because of available maps.
@3.910013: Material 0 shader returned effect file name 'null'
@3.912141: Saving node: Object023
@3.912451: Limiting exported UV coordinates to 1 because of available maps.
@3.914768: Material 0 shader returned effect file name 'null'
@3.916679: Saving node: Object024
@3.916985: Limiting exported UV coordinates to 1 because of available maps.
@3.919398: Material 0 shader returned effect file name 'null'
@3.920634: Saving node: Object025
@3.920927: Limiting exported UV coordinates to 1 because of available maps.
@3.923355: Material 0 shader returned effect file name 'null'
@3.924686: Saving node: Object027
@3.925166: Limiting exported UV coordinates to 1 because of available maps.
@3.927444: Material 0 shader returned effect file name 'null'
@3.928486: Saving node: Box174
@3.928829: Limiting exported UV coordinates to 1 because of available maps.
@3.930216: Material 0 shader returned effect file name 'null'
@3.931335: Saving node: Box175
@3.931651: Limiting exported UV coordinates to 1 because of available maps.
@3.933034: Material 0 shader returned effect file name 'null'
@3.934190: Saving node: Box176
@3.934558: Limiting exported UV coordinates to 1 because of available maps.
@3.935933: Material 0 shader returned effect file name 'null'
