@0.000002: Output file name: F:\GameProgramming\PloobsEngine-xna4\AdvancedDemos\AdvancedDemos\AdvancedDemosContent\Model\ssao.X
@0.000028: kW X-port: 3ds max compatible version 9.00
@2.582246: Saving node: Plane01
@2.582524: Limiting exported UV coordinates to 1 because of available maps.
@2.583279: Not a standard material at index 0 (null)
@2.585244: Saving node: Box01
@2.586592: Limiting exported UV coordinates to 1 because of available maps.
@2.595903: Not a standard material at index 0 (null)
@2.597859: Saving node: Box02
@2.599169: Limiting exported UV coordinates to 1 because of available maps.
@2.608540: Not a standard material at index 0 (null)
@2.610458: Saving node: Box03
@2.611925: Limiting exported UV coordinates to 1 because of available maps.
@2.621251: Not a standard material at index 0 (null)
@2.623172: Saving node: Box04
@2.624954: Limiting exported UV coordinates to 1 because of available maps.
@2.634376: Not a standard material at index 0 (null)
@2.636304: Saving node: Box05
@2.637614: Limiting exported UV coordinates to 1 because of available maps.
@2.646925: Not a standard material at index 0 (null)
@2.648907: Saving node: Box06
@2.650206: Limiting exported UV coordinates to 1 because of available maps.
@2.659683: Not a standard material at index 0 (null)
@2.661828: Saving node: Box07
@2.663138: Limiting exported UV coordinates to 1 because of available maps.
@2.672292: Not a standard material at index 0 (null)
@2.674260: Saving node: Box08
@2.675698: Limiting exported UV coordinates to 1 because of available maps.
@2.684988: Not a standard material at index 0 (null)
@2.685231: Saving node: RBCollection01
@2.687064: Saving node: Box09
@2.688357: Limiting exported UV coordinates to 1 because of available maps.
@2.697941: Not a standard material at index 0 (null)
@2.699894: Saving node: Box10
@2.701227: Limiting exported UV coordinates to 1 because of available maps.
@2.710855: Not a standard material at index 0 (null)
@2.712838: Saving node: Box11
@2.714268: Limiting exported UV coordinates to 1 because of available maps.
@2.723264: Not a standard material at index 0 (null)
@2.725537: Saving node: Box12
@2.726912: Limiting exported UV coordinates to 1 because of available maps.
@2.735954: Not a standard material at index 0 (null)
@2.737870: Saving node: Box13
@2.739264: Limiting exported UV coordinates to 1 because of available maps.
@2.749255: Not a standard material at index 0 (null)
@2.751252: Saving node: Box14
@2.752648: Limiting exported UV coordinates to 1 because of available maps.
@2.761821: Not a standard material at index 0 (null)
@2.763826: Saving node: Box15
@2.765216: Limiting exported UV coordinates to 1 because of available maps.
@2.774601: Not a standard material at index 0 (null)
@2.776613: Saving node: Box16
@2.777998: Limiting exported UV coordinates to 1 because of available maps.
@2.787342: Not a standard material at index 0 (null)
@2.789546: Saving node: Box17
@2.791093: Limiting exported UV coordinates to 1 because of available maps.
@2.800239: Not a standard material at index 0 (null)
@2.802548: Saving node: Box18
@2.803935: Limiting exported UV coordinates to 1 because of available maps.
@2.813553: Not a standard material at index 0 (null)
@2.815633: Saving node: Box19
@2.816974: Limiting exported UV coordinates to 1 because of available maps.
@2.826837: Not a standard material at index 0 (null)
@2.828864: Saving node: Box20
@2.830241: Limiting exported UV coordinates to 1 because of available maps.
@2.839853: Not a standard material at index 0 (null)
@2.841981: Saving node: Box21
@2.843329: Limiting exported UV coordinates to 1 because of available maps.
@2.852937: Not a standard material at index 0 (null)
@2.854956: Saving node: Box22
@2.856308: Limiting exported UV coordinates to 1 because of available maps.
@2.865751: Not a standard material at index 0 (null)
@2.867836: Saving node: Box23
@2.869191: Limiting exported UV coordinates to 1 because of available maps.
@2.878701: Not a standard material at index 0 (null)
@2.880723: Saving node: Box24
@2.882063: Limiting exported UV coordinates to 1 because of available maps.
@2.891699: Not a standard material at index 0 (null)
@2.893869: Saving node: Box25
@2.895214: Limiting exported UV coordinates to 1 because of available maps.
@2.904532: Not a standard material at index 0 (null)
@2.906602: Saving node: Box26
@2.907964: Limiting exported UV coordinates to 1 because of available maps.
@2.917582: Not a standard material at index 0 (null)
@2.919688: Saving node: Box27
@2.921044: Limiting exported UV coordinates to 1 because of available maps.
@2.929956: Not a standard material at index 0 (null)
@2.932650: Saving node: Box28
@2.934359: Limiting exported UV coordinates to 1 because of available maps.
@2.944577: Not a standard material at index 0 (null)
@2.947047: Saving node: Box29
@2.948535: Limiting exported UV coordinates to 1 because of available maps.
@2.958473: Not a standard material at index 0 (null)
@2.960759: Saving node: Box30
@2.962196: Limiting exported UV coordinates to 1 because of available maps.
@2.972261: Not a standard material at index 0 (null)
