////////////////////////////////////////////////////////////////
    Date: 02/05/2011 13:29:19
Assembly: TomShane.Neoforce.Controls.dll
 Version: 0.7.2407.1915
 Message: Could not find a part of the path 'C:\Users\tpastor\Desktop\neofrce\Skins\Default.skin'.
////////////////////////////////////////////////////////////////
   at System.IO.__Error.WinIOError(Int32 errorCode, String maybeFullPath)
   at System.IO.FileStream.Init(String path, FileMode mode, FileAccess access, Int32 rights, Boolean useRights, FileShare share, Int32 bufferSize, FileOptions options, SECURITY_ATTRIBUTES secAttrs, String msgPath, Boolean bFromProxy, Boolean useLongPath)
   at System.IO.FileStream..ctor(String path, FileMode mode, FileAccess access, FileShare share)
   at TomShane.Neoforce.External.Zip.ZipFile.Read(String zipfilename, Boolean TurnOnDebug)
   at TomShane.Neoforce.Controls.ArchiveManager..ctor(IServiceProvider serviceProvider, String archive)
   at TomShane.Neoforce.Controls.Skin..ctor(Manager manager, String name)
   at TomShane.Neoforce.Controls.Manager.SetSkin(String name)
   at TomShane.Neoforce.Controls.Manager.Initialize()
   at TomShane.Neoforce.Samples.CustomToolTips.Initialize()
   at Microsoft.Xna.Framework.Game.RunGame(Boolean useBlockingRun)
   at TomShane.Neoforce.Samples.__Entry.Main(String[] args)
////////////////////////////////////////////////////////////////

////////////////////////////////////////////////////////////////
    Date: 02/05/2011 13:29:29
Assembly: TomShane.Neoforce.Controls.dll
 Version: 0.7.2407.1915
 Message: Could not find a part of the path 'C:\Users\tpastor\Desktop\neofrce\Skins\Default.skin'.
////////////////////////////////////////////////////////////////
   at System.IO.__Error.WinIOError(Int32 errorCode, String maybeFullPath)
   at System.IO.FileStream.Init(String path, FileMode mode, FileAccess access, Int32 rights, Boolean useRights, FileShare share, Int32 bufferSize, FileOptions options, SECURITY_ATTRIBUTES secAttrs, String msgPath, Boolean bFromProxy, Boolean useLongPath)
   at System.IO.FileStream..ctor(String path, FileMode mode, FileAccess access, FileShare share)
   at TomShane.Neoforce.External.Zip.ZipFile.Read(String zipfilename, Boolean TurnOnDebug)
   at TomShane.Neoforce.Controls.ArchiveManager..ctor(IServiceProvider serviceProvider, String archive)
   at TomShane.Neoforce.Controls.Skin..ctor(Manager manager, String name)
   at TomShane.Neoforce.Controls.Manager.SetSkin(String name)
   at TomShane.Neoforce.Controls.Manager.Initialize()
   at TomShane.Neoforce.Controls.Application.Initialize()
   at TomShane.Neoforce.Samples.GettingStarted.Initialize()
   at Microsoft.Xna.Framework.Game.RunGame(Boolean useBlockingRun)
   at TomShane.Neoforce.Samples.__Entry.Main(String[] args)
////////////////////////////////////////////////////////////////

